<?xml version="1.0" encoding="UTF-8"?>
<!-- Generated by org.testng.reporters.JUnitReportReporter -->
<testsuite skipped="0" hostname="XOR-BAN-196" name="response_body" tests="1" failures="0" timestamp="2020-01-06T12:04:15 IST" time="3.181" errors="0">
  <testcase name="GetWeatherDetails" time="3.181" classname="response_body"/>
</testsuite> <!-- response_body -->
